app/build/intermediates/manifest_merge_blame_file/debug/processDebugMainManifest/manifest-merger-blame-debug-report.txt
1<?xml version="1.0" encoding="utf-8"?>
2<manifest xmlns:android="http://schemas.android.com/apk/res/android"
3    package="com.zebra.rfid.demo.sdksample"
4    android:versionCode="1"
5    android:versionName="1.0" >
6
7    <uses-sdk
8        android:minSdkVersion="28"
9        android:targetSdkVersion="33" />
10
11    <uses-permission android:name="android.permission.BLUETOOTH" />
11-->src\main\AndroidManifest.xml:6:5-68
11-->src\main\AndroidManifest.xml:6:22-65
12    <uses-permission android:name="android.permission.BLUETOOTH_ADMIN" />
12-->src\main\AndroidManifest.xml:7:5-74
12-->src\main\AndroidManifest.xml:7:22-71
13    <uses-permission android:name="android.permission.BLUETOOTH_CONNECT" />
13-->src\main\AndroidManifest.xml:8:5-76
13-->src\main\AndroidManifest.xml:8:22-73
14    <uses-permission android:name="android.permission.BLUETOOTH_SCAN" />
14-->src\main\AndroidManifest.xml:9:5-73
14-->src\main\AndroidManifest.xml:9:22-70
15    <uses-permission android:name="android.permission.BLUETOOTH_ADVERTISE" />
15-->src\main\AndroidManifest.xml:10:5-78
15-->src\main\AndroidManifest.xml:10:22-75
16    <uses-permission android:name="android.permission.READ_EXTERNAL_STORAGE" />
16-->[API3_ZIOTCTRANSPORT-release-2.0.4.192.aar] AndroidManifest.xml:7:5-80
16-->[API3_ZIOTCTRANSPORT-release-2.0.4.192.aar] AndroidManifest.xml:7:22-77
17    <uses-permission android:name="android.permission.ACCESS_COARSE_LOCATION" />
17-->[BarcodeScannerLibrary-release-28.aar] AndroidManifest.xml:9:5-81
17-->[BarcodeScannerLibrary-release-28.aar] AndroidManifest.xml:9:22-78
18    <uses-permission android:name="android.permission.ACCESS_FINE_LOCATION" />
18-->[BarcodeScannerLibrary-release-28.aar] AndroidManifest.xml:10:5-79
18-->[BarcodeScannerLibrary-release-28.aar] AndroidManifest.xml:10:22-76
19
20    <application
20-->src\main\AndroidManifest.xml:11:5-32:19
21        android:allowBackup="true"
21-->src\main\AndroidManifest.xml:12:9-35
22        android:appComponentFactory="androidx.core.app.CoreComponentFactory"
22-->src\main\AndroidManifest.xml:17:9-77
23        android:debuggable="true"
24        android:extractNativeLibs="false"
25        android:icon="@mipmap/ic_launcher"
25-->src\main\AndroidManifest.xml:13:9-43
26        android:label="@string/app_name"
26-->src\main\AndroidManifest.xml:14:9-41
27        android:roundIcon="@mipmap/ic_launcher_round"
27-->src\main\AndroidManifest.xml:15:9-54
28        android:supportsRtl="true"
28-->src\main\AndroidManifest.xml:16:9-35
29        android:theme="@style/Theme.AppTheme" >
29-->src\main\AndroidManifest.xml:18:9-46
30        <activity
30-->src\main\AndroidManifest.xml:19:9-30:20
31            android:name="com.zebra.rfid.demo.sdksample.MainActivity"
31-->src\main\AndroidManifest.xml:20:13-41
32            android:exported="true"
32-->src\main\AndroidManifest.xml:24:13-36
33            android:label="@string/app_name"
33-->src\main\AndroidManifest.xml:21:13-45
34            android:screenOrientation="portrait" >
34-->src\main\AndroidManifest.xml:22:13-49
35            <intent-filter>
35-->src\main\AndroidManifest.xml:25:13-29:29
36                <action android:name="android.intent.action.MAIN" />
36-->src\main\AndroidManifest.xml:26:17-69
36-->src\main\AndroidManifest.xml:26:25-66
37
38                <category android:name="android.intent.category.LAUNCHER" />
38-->src\main\AndroidManifest.xml:28:17-77
38-->src\main\AndroidManifest.xml:28:27-74
39            </intent-filter>
40        </activity>
41        <activity android:name="com.zebra.rfid.demo.sdksample.ProfileActivity" />
41-->src\main\AndroidManifest.xml:31:9-52
41-->src\main\AndroidManifest.xml:31:19-50
42        <activity
42-->[com.google.android.gms:play-services-base:17.5.0] AndroidManifest.xml:23:9-26:75
43            android:name="com.google.android.gms.common.api.GoogleApiActivity"
43-->[com.google.android.gms:play-services-base:17.5.0] AndroidManifest.xml:24:13-79
44            android:exported="false"
44-->[com.google.android.gms:play-services-base:17.5.0] AndroidManifest.xml:25:13-37
45            android:theme="@android:style/Theme.Translucent.NoTitleBar" />
45-->[com.google.android.gms:play-services-base:17.5.0] AndroidManifest.xml:26:13-72
46
47        <meta-data
47-->[com.google.android.gms:play-services-basement:17.5.0] AndroidManifest.xml:23:9-25:69
48            android:name="com.google.android.gms.version"
48-->[com.google.android.gms:play-services-basement:17.5.0] AndroidManifest.xml:24:13-58
49            android:value="@integer/google_play_services_version" />
49-->[com.google.android.gms:play-services-basement:17.5.0] AndroidManifest.xml:25:13-66
50    </application>
51
52</manifest>